<?xml version="1.0" encoding="UTF-8"?>
<testng-results skipped="0" failed="2" ignored="0" total="5" passed="3">
  <reporter-output>
  </reporter-output>
  <suite name="AutoTestWithReport" duration-ms="41820" started-at="2023-04-21T17:34:22 CST" finished-at="2023-04-21T17:35:04 CST">
    <groups>
    </groups>
    <test name="ExecutingTestBySuite_self" duration-ms="41820" started-at="2023-04-21T17:34:22 CST" finished-at="2023-04-21T17:35:04 CST">
      <class name="testcase.AddPowerPlantCase">
        <test-method status="PASS" signature="initSource()[pri:0, instance:testcase.AddPowerPlantCase@1f554b06]" name="initSource" is-config="true" duration-ms="8227" started-at="2023-04-21T17:34:40 CST" finished-at="2023-04-21T17:34:48 CST">
          <reporter-output>
          </reporter-output>
        </test-method> <!-- initSource -->
        <test-method status="PASS" signature="initPage()[pri:0, instance:testcase.AddPowerPlantCase@1f554b06]" name="initPage" is-config="true" duration-ms="0" started-at="2023-04-21T17:34:48 CST" finished-at="2023-04-21T17:34:48 CST">
          <reporter-output>
          </reporter-output>
        </test-method> <!-- initPage -->
        <test-method status="PASS" signature="initPage()[pri:0, instance:testcase.AddPowerPlantCase@1f554b06]" name="initPage" is-config="true" duration-ms="0" started-at="2023-04-21T17:34:48 CST" finished-at="2023-04-21T17:34:48 CST">
          <reporter-output>
          </reporter-output>
        </test-method> <!-- initPage -->
        <test-method status="FAIL" signature="add_device_manual()[pri:0, instance:testcase.AddPowerPlantCase@1f554b06]" name="add_device_manual" duration-ms="0" started-at="2023-04-21T17:34:48 CST" description="添加设备_手动勾选" finished-at="2023-04-21T17:34:48 CST">
          <exception class="java.lang.AssertionError">
            <message>
              <![CDATA[expected [false] but found [true]]]>
            </message>
            <full-stacktrace>
              <![CDATA[java.lang.AssertionError: expected [false] but found [true]
at org.testng.Assert.fail(Assert.java:99)
at org.testng.Assert.failNotEquals(Assert.java:1037)
at org.testng.Assert.assertEqualsImpl(Assert.java:140)
at org.testng.Assert.assertEquals(Assert.java:122)
at org.testng.Assert.assertEquals(Assert.java:819)
at org.testng.Assert.assertEquals(Assert.java:829)
at testcase.AddPowerPlantCase.add_device_manual(AddPowerPlantCase.java:65)
at sun.reflect.NativeMethodAccessorImpl.invoke0(Native Method)
at sun.reflect.NativeMethodAccessorImpl.invoke(NativeMethodAccessorImpl.java:62)
at sun.reflect.DelegatingMethodAccessorImpl.invoke(DelegatingMethodAccessorImpl.java:43)
at java.lang.reflect.Method.invoke(Method.java:498)
at org.testng.internal.MethodInvocationHelper.invokeMethod(MethodInvocationHelper.java:133)
at org.testng.internal.TestInvoker.invokeMethod(TestInvoker.java:598)
at org.testng.internal.TestInvoker.invokeTestMethod(TestInvoker.java:173)
at org.testng.internal.MethodRunner.runInSequence(MethodRunner.java:46)
at org.testng.internal.TestInvoker$MethodInvocationAgent.invoke(TestInvoker.java:824)
at org.testng.internal.TestInvoker.invokeTestMethods(TestInvoker.java:146)
at org.testng.internal.TestMethodWorker.invokeTestMethods(TestMethodWorker.java:146)
at org.testng.internal.TestMethodWorker.run(TestMethodWorker.java:128)
at java.util.ArrayList.forEach(ArrayList.java:1259)
at org.testng.TestRunner.privateRun(TestRunner.java:794)
at org.testng.TestRunner.run(TestRunner.java:596)
at org.testng.SuiteRunner.runTest(SuiteRunner.java:377)
at org.testng.SuiteRunner.runSequentially(SuiteRunner.java:371)
at org.testng.SuiteRunner.privateRun(SuiteRunner.java:332)
at org.testng.SuiteRunner.run(SuiteRunner.java:276)
at org.testng.SuiteRunnerWorker.runSuite(SuiteRunnerWorker.java:53)
at org.testng.SuiteRunnerWorker.run(SuiteRunnerWorker.java:96)
at org.testng.TestNG.runSuitesSequentially(TestNG.java:1212)
at org.testng.TestNG.runSuitesLocally(TestNG.java:1134)
at org.testng.TestNG.runSuites(TestNG.java:1063)
at org.testng.TestNG.run(TestNG.java:1031)
at org.apache.maven.surefire.testng.TestNGExecutor.run(TestNGExecutor.java:284)
at org.apache.maven.surefire.testng.TestNGXmlTestSuite.execute(TestNGXmlTestSuite.java:75)
at org.apache.maven.surefire.testng.TestNGProvider.invoke(TestNGProvider.java:119)
at org.apache.maven.surefire.booter.ForkedBooter.runSuitesInProcess(ForkedBooter.java:428)
at org.apache.maven.surefire.booter.ForkedBooter.execute(ForkedBooter.java:162)
at org.apache.maven.surefire.booter.ForkedBooter.run(ForkedBooter.java:562)
at org.apache.maven.surefire.booter.ForkedBooter.main(ForkedBooter.java:548)
]]>
            </full-stacktrace>
          </exception> <!-- java.lang.AssertionError -->
          <reporter-output>
          </reporter-output>
        </test-method> <!-- add_device_manual -->
        <test-method status="PASS" signature="add_device_excel()[pri:0, instance:testcase.AddPowerPlantCase@1f554b06]" name="add_device_excel" duration-ms="0" started-at="2023-04-21T17:34:48 CST" description="添加设备_excel导入" finished-at="2023-04-21T17:34:48 CST">
          <reporter-output>
          </reporter-output>
        </test-method> <!-- add_device_excel -->
        <test-method status="PASS" signature="initPage()[pri:0, instance:testcase.AddPowerPlantCase@1f554b06]" name="initPage" is-config="true" duration-ms="0" started-at="2023-04-21T17:34:48 CST" finished-at="2023-04-21T17:34:48 CST">
          <reporter-output>
          </reporter-output>
        </test-method> <!-- initPage -->
        <test-method status="FAIL" signature="add_power_plant()[pri:0, instance:testcase.AddPowerPlantCase@1f554b06]" name="add_power_plant" duration-ms="1778" started-at="2023-04-21T17:34:48 CST" description="添加电厂" finished-at="2023-04-21T17:34:50 CST">
          <exception class="org.openqa.selenium.ElementClickInterceptedException">
            <message>
              <![CDATA[Element <button class="el-button login-btn el-button--primary" type="button"> is not clickable at point (993,567) because another element <div class="el-loading-mask is-fullscreen el-loading-fade-leave-active el-loading-fade-leave-to"> obscures it
Build info: version: '3.141.59', revision: 'e82be7d358', time: '2018-11-14T08:17:03'
System info: host: 'VDI-ZNKZ-001', ip: '20.60.5.100', os.name: 'Windows 10', os.arch: 'amd64', os.version: '10.0', java.version: '1.8.0_291'
Driver info: org.openqa.selenium.firefox.FirefoxDriver
Capabilities {acceptInsecureCerts: true, browserName: firefox, browserVersion: 112.0.1, javascriptEnabled: true, moz:accessibilityChecks: false, moz:buildID: 20230414125621, moz:geckodriverVersion: 0.31.0, moz:headless: false, moz:platformVersion: 10.0, moz:processID: 54032, moz:profile: C:\Users\GRT-LI~1\AppData\L..., moz:shutdownTimeout: 60000, moz:useNonSpecCompliantPointerOrigin: false, moz:webdriverClick: true, moz:windowless: false, pageLoadStrategy: normal, platform: WINDOWS, platformName: WINDOWS, proxy: Proxy(), setWindowRect: true, strictFileInteractability: false, timeouts: {implicit: 0, pageLoad: 300000, script: 30000}, unhandledPromptBehavior: dismiss and notify}
Session ID: ff064629-1905-41ee-99fc-d6be6c90d205]]>
            </message>
            <full-stacktrace>
              <![CDATA[org.openqa.selenium.ElementClickInterceptedException: Element <button class="el-button login-btn el-button--primary" type="button"> is not clickable at point (993,567) because another element <div class="el-loading-mask is-fullscreen el-loading-fade-leave-active el-loading-fade-leave-to"> obscures it
Build info: version: '3.141.59', revision: 'e82be7d358', time: '2018-11-14T08:17:03'
System info: host: 'VDI-ZNKZ-001', ip: '20.60.5.100', os.name: 'Windows 10', os.arch: 'amd64', os.version: '10.0', java.version: '1.8.0_291'
Driver info: org.openqa.selenium.firefox.FirefoxDriver
Capabilities {acceptInsecureCerts: true, browserName: firefox, browserVersion: 112.0.1, javascriptEnabled: true, moz:accessibilityChecks: false, moz:buildID: 20230414125621, moz:geckodriverVersion: 0.31.0, moz:headless: false, moz:platformVersion: 10.0, moz:processID: 54032, moz:profile: C:\Users\GRT-LI~1\AppData\L..., moz:shutdownTimeout: 60000, moz:useNonSpecCompliantPointerOrigin: false, moz:webdriverClick: true, moz:windowless: false, pageLoadStrategy: normal, platform: WINDOWS, platformName: WINDOWS, proxy: Proxy(), setWindowRect: true, strictFileInteractability: false, timeouts: {implicit: 0, pageLoad: 300000, script: 30000}, unhandledPromptBehavior: dismiss and notify}
Session ID: ff064629-1905-41ee-99fc-d6be6c90d205
at sun.reflect.NativeConstructorAccessorImpl.newInstance0(Native Method)
at sun.reflect.NativeConstructorAccessorImpl.newInstance(NativeConstructorAccessorImpl.java:62)
at sun.reflect.DelegatingConstructorAccessorImpl.newInstance(DelegatingConstructorAccessorImpl.java:45)
at java.lang.reflect.Constructor.newInstance(Constructor.java:423)
at org.openqa.selenium.remote.http.W3CHttpResponseCodec.createException(W3CHttpResponseCodec.java:187)
at org.openqa.selenium.remote.http.W3CHttpResponseCodec.decode(W3CHttpResponseCodec.java:122)
at org.openqa.selenium.remote.http.W3CHttpResponseCodec.decode(W3CHttpResponseCodec.java:49)
at org.openqa.selenium.remote.HttpCommandExecutor.execute(HttpCommandExecutor.java:158)
at org.openqa.selenium.remote.service.DriverCommandExecutor.execute(DriverCommandExecutor.java:83)
at org.openqa.selenium.remote.RemoteWebDriver.execute(RemoteWebDriver.java:552)
at org.openqa.selenium.remote.RemoteWebElement.execute(RemoteWebElement.java:285)
at org.openqa.selenium.remote.RemoteWebElement.click(RemoteWebElement.java:84)
at page.BasePage.click(BasePage.java:25)
at page.LoginPage.login(LoginPage.java:29)
at testcase.AddPowerPlantCase.add_power_plant(AddPowerPlantCase.java:38)
at sun.reflect.NativeMethodAccessorImpl.invoke0(Native Method)
at sun.reflect.NativeMethodAccessorImpl.invoke(NativeMethodAccessorImpl.java:62)
at sun.reflect.DelegatingMethodAccessorImpl.invoke(DelegatingMethodAccessorImpl.java:43)
at java.lang.reflect.Method.invoke(Method.java:498)
at org.testng.internal.MethodInvocationHelper.invokeMethod(MethodInvocationHelper.java:133)
at org.testng.internal.TestInvoker.invokeMethod(TestInvoker.java:598)
at org.testng.internal.TestInvoker.invokeTestMethod(TestInvoker.java:173)
at org.testng.internal.MethodRunner.runInSequence(MethodRunner.java:46)
at org.testng.internal.TestInvoker$MethodInvocationAgent.invoke(TestInvoker.java:824)
at org.testng.internal.TestInvoker.invokeTestMethods(TestInvoker.java:146)
at org.testng.internal.TestMethodWorker.invokeTestMethods(TestMethodWorker.java:146)
at org.testng.internal.TestMethodWorker.run(TestMethodWorker.java:128)
at java.util.ArrayList.forEach(ArrayList.java:1259)
at org.testng.TestRunner.privateRun(TestRunner.java:794)
at org.testng.TestRunner.run(TestRunner.java:596)
at org.testng.SuiteRunner.runTest(SuiteRunner.java:377)
at org.testng.SuiteRunner.runSequentially(SuiteRunner.java:371)
at org.testng.SuiteRunner.privateRun(SuiteRunner.java:332)
at org.testng.SuiteRunner.run(SuiteRunner.java:276)
at org.testng.SuiteRunnerWorker.runSuite(SuiteRunnerWorker.java:53)
at org.testng.SuiteRunnerWorker.run(SuiteRunnerWorker.java:96)
at org.testng.TestNG.runSuitesSequentially(TestNG.java:1212)
at org.testng.TestNG.runSuitesLocally(TestNG.java:1134)
at org.testng.TestNG.runSuites(TestNG.java:1063)
at org.testng.TestNG.run(TestNG.java:1031)
at org.apache.maven.surefire.testng.TestNGExecutor.run(TestNGExecutor.java:284)
at org.apache.maven.surefire.testng.TestNGXmlTestSuite.execute(TestNGXmlTestSuite.java:75)
at org.apache.maven.surefire.testng.TestNGProvider.invoke(TestNGProvider.java:119)
at org.apache.maven.surefire.booter.ForkedBooter.runSuitesInProcess(ForkedBooter.java:428)
at org.apache.maven.surefire.booter.ForkedBooter.execute(ForkedBooter.java:162)
at org.apache.maven.surefire.booter.ForkedBooter.run(ForkedBooter.java:562)
at org.apache.maven.surefire.booter.ForkedBooter.main(ForkedBooter.java:548)
]]>
            </full-stacktrace>
          </exception> <!-- org.openqa.selenium.ElementClickInterceptedException -->
          <reporter-output>
          </reporter-output>
        </test-method> <!-- add_power_plant -->
        <test-method status="PASS" signature="exist_power_plant()[pri:0, instance:testcase.AddPowerPlantCase@1f554b06]" name="exist_power_plant" duration-ms="11046" started-at="2023-04-21T17:34:50 CST" description="登录之后判断是否已有电厂" finished-at="2023-04-21T17:35:01 CST">
          <reporter-output>
          </reporter-output>
        </test-method> <!-- exist_power_plant -->
        <test-method status="PASS" signature="initPage()[pri:0, instance:testcase.AddPowerPlantCase@1f554b06]" name="initPage" is-config="true" duration-ms="0" started-at="2023-04-21T17:34:50 CST" finished-at="2023-04-21T17:34:50 CST">
          <reporter-output>
          </reporter-output>
        </test-method> <!-- initPage -->
        <test-method status="PASS" signature="shutdownSource()[pri:0, instance:testcase.AddPowerPlantCase@1f554b06]" name="shutdownSource" is-config="true" duration-ms="3178" started-at="2023-04-21T17:35:01 CST" finished-at="2023-04-21T17:35:04 CST">
          <reporter-output>
          </reporter-output>
        </test-method> <!-- shutdownSource -->
      </class> <!-- testcase.AddPowerPlantCase -->
      <class name="testcase.LoginCase">
        <test-method status="PASS" signature="initSource()[pri:0, instance:testcase.LoginCase@7d0587f1]" name="initSource" is-config="true" duration-ms="10655" started-at="2023-04-21T17:34:22 CST" finished-at="2023-04-21T17:34:33 CST">
          <reporter-output>
          </reporter-output>
        </test-method> <!-- initSource -->
        <test-method status="PASS" signature="initPage()[pri:0, instance:testcase.LoginCase@7d0587f1]" name="initPage" is-config="true" duration-ms="95" started-at="2023-04-21T17:34:33 CST" finished-at="2023-04-21T17:34:33 CST">
          <reporter-output>
          </reporter-output>
        </test-method> <!-- initPage -->
        <test-method status="PASS" signature="login_normal()[pri:0, instance:testcase.LoginCase@7d0587f1]" name="login_normal" duration-ms="2943" started-at="2023-04-21T17:34:33 CST" description="Normal login test." finished-at="2023-04-21T17:34:36 CST">
          <reporter-output>
          </reporter-output>
        </test-method> <!-- login_normal -->
        <test-method status="PASS" signature="shutdownSource()[pri:0, instance:testcase.LoginCase@7d0587f1]" name="shutdownSource" is-config="true" duration-ms="3826" started-at="2023-04-21T17:34:36 CST" finished-at="2023-04-21T17:34:40 CST">
          <reporter-output>
          </reporter-output>
        </test-method> <!-- shutdownSource -->
      </class> <!-- testcase.LoginCase -->
    </test> <!-- ExecutingTestBySuite_self -->
  </suite> <!-- AutoTestWithReport -->
</testng-results>
